<?xml version="1.0" encoding="UTF-8"?>
<testng-results ignored="0" total="1" passed="1" failed="0" skipped="0">
  <reporter-output>
  </reporter-output>
  <suite started-at="2025-07-01T13:17:24 IST" name="Default suite" finished-at="2025-07-01T13:17:29 IST" duration-ms="5477">
    <groups>
    </groups>
    <test started-at="2025-07-01T13:17:24 IST" name="Default test" finished-at="2025-07-01T13:17:29 IST" duration-ms="5477">
      <class name="tests.SauceDemoE2ETest">
        <test-method is-config="true" signature="setup()[pri:0, instance:tests.SauceDemoE2ETest@37af1f93]" started-at="2025-07-01T13:17:24 IST" name="setup" finished-at="2025-07-01T13:17:26 IST" duration-ms="2108" status="PASS">
          <reporter-output>
          </reporter-output>
        </test-method> <!-- setup -->
        <test-method signature="sauceDemoTest()[pri:0, instance:tests.SauceDemoE2ETest@37af1f93]" started-at="2025-07-01T13:17:26 IST" name="sauceDemoTest" description="Validates the full checkout workflow from login to order confirmation." finished-at="2025-07-01T13:17:29 IST" duration-ms="2999" status="PASS">
          <reporter-output>
          </reporter-output>
        </test-method> <!-- sauceDemoTest -->
        <test-method is-config="true" signature="teardown()[pri:0, instance:tests.SauceDemoE2ETest@37af1f93]" started-at="2025-07-01T13:17:29 IST" name="teardown" finished-at="2025-07-01T13:17:29 IST" duration-ms="202" status="PASS">
          <reporter-output>
          </reporter-output>
        </test-method> <!-- teardown -->
      </class> <!-- tests.SauceDemoE2ETest -->
    </test> <!-- Default test -->
  </suite> <!-- Default suite -->
</testng-results>
